This file contains any messages produced by compilers while
running configure, to aid debugging if configure makes a mistake.

It was created by libmicrohttpd configure 0.9.26, which was
generated by GNU Autoconf 2.69.  Invocation command line was

  $ ./configure --prefix=/home/le/workspace/libmicrohttpd-0.9.26/build/android --host=/home/le/Tools/android-ndk-r9b/toolchains/arm-linux-androideabi-4.8/prebuilt/linux-x86_64/bin/arm-linux-androideabi- --enable-shared --with-sysroot=/home/le/Tools/android-ndk-r9b/platforms/android-18/arch-arm

## --------- ##
## Platform. ##
## --------- ##

hostname = klpu
uname -m = x86_64
uname -r = 3.11.0-12-generic
uname -s = Linux
uname -v = #19-Ubuntu SMP Wed Oct 9 16:20:46 UTC 2013

/usr/bin/uname -p = unknown
/bin/uname -X     = unknown

/bin/arch              = unknown
/usr/bin/arch -k       = unknown
/usr/convex/getsysinfo = unknown
/usr/bin/hostinfo      = unknown
/bin/machine           = unknown
/usr/bin/oslevel       = unknown
/bin/universe          = unknown

PATH: /usr/local/heroku/bin
PATH: /home/le/.rvm/gems/ruby-2.0.0-p247/bin
PATH: /home/le/.rvm/gems/ruby-2.0.0-p247@global/bin
PATH: /home/le/.rvm/rubies/ruby-2.0.0-p247/bin
PATH: /home/le/.rvm/bin
PATH: /home/le/bin
PATH: /usr/lib/lightdm/lightdm
PATH: /usr/local/sbin
PATH: /usr/local/bin
PATH: /usr/sbin
PATH: /usr/bin
PATH: /sbin
PATH: /bin
PATH: /usr/games
PATH: /usr/local/games
PATH: /home/le/.rvm/gems/ruby-2.0.0-p0/bin
PATH: /home/le/.rvm/gems/ruby-2.0.0-p0@global/bin
PATH: /home/le/.rvm/rubies/ruby-2.0.0-p0/bin
PATH: /home/le/.rvm/bin
PATH: /home/le/bin
PATH: /usr/lib/lightdm/lightdm
PATH: /usr/local/sbin
PATH: /usr/local/bin
PATH: /usr/sbin
PATH: /usr/bin
PATH: /sbin
PATH: /bin
PATH: /usr/games
PATH: /usr/local/games
PATH: /home/le/.rvm/bin
PATH: /home/le/.bin
PATH: /home/le/bin
PATH: /usr/lib/git-core
PATH: /usr/lib/jvm/java-6-oracle/bin
PATH: /home/le/Tools/adt-bundle-linux/sdk/tools
PATH: /home/le/Tools/adt-bundle-linux/sdk/platform-tools
PATH: /home/le/Tools/adt-bundle-linux/sdk/build-tools/19.0.0
PATH: /home/le/Tools/android-ndk-r9b/
PATH: /home/le/Tools/gradle-1.8/bin
PATH: /home/le/Tools/play-2.1.1
PATH: /home/le/Tools/android-studio/bin
PATH: /home/le/Tools/adt-bundle-linux/eclipse
PATH: /home/le/.cabal/bin
PATH: /home/le/.linux/bin
PATH: /home/le/.rvm/bin
PATH: /home/le/.cabal/bin
PATH: /home/le/.xmonad/bin


## ----------- ##
## Core tests. ##
## ----------- ##

configure:2435: checking for a BSD-compatible install
configure:2503: result: /usr/bin/install -c
configure:2514: checking whether build environment is sane
configure:2564: result: yes
configure:2613: checking for /home/le/Tools/android-ndk-r9b/toolchains/arm-linux-androideabi-4.8/prebuilt/linux-x86_64/bin/arm-linux-androideabi--strip
configure:2643: result: no
configure:2653: checking for strip
configure:2669: found /usr/bin/strip
configure:2680: result: strip
configure:2705: checking for a thread-safe mkdir -p
configure:2744: result: /bin/mkdir -p
configure:2757: checking for gawk
configure:2787: result: no
configure:2757: checking for mawk
configure:2773: found /usr/bin/mawk
configure:2784: result: mawk
configure:2795: checking whether make sets $(MAKE)
configure:2817: result: yes
configure:2846: checking whether make supports nested variables
configure:2863: result: yes
configure:2973: checking for gawk
configure:3000: result: mawk
configure:3012: checking whether ln -s works
configure:3016: result: yes
configure:3023: checking whether make sets $(MAKE)
configure:3045: result: yes
configure:3058: checking build system type
configure:3072: result: x86_64-unknown-linux-gnu
configure:3092: checking host system type
configure:3101: error: /bin/bash ./config.sub /home/le/Tools/android-ndk-r9b/toolchains/arm-linux-androideabi-4.8/prebuilt/linux-x86_64/bin/arm-linux-androideabi- failed

## ---------------- ##
## Cache variables. ##
## ---------------- ##

ac_cv_build=x86_64-unknown-linux-gnu
ac_cv_env_CC_set=
ac_cv_env_CC_value=
ac_cv_env_CFLAGS_set=
ac_cv_env_CFLAGS_value=
ac_cv_env_CPPFLAGS_set=
ac_cv_env_CPPFLAGS_value=
ac_cv_env_CPP_set=
ac_cv_env_CPP_value=
ac_cv_env_LDFLAGS_set=
ac_cv_env_LDFLAGS_value=
ac_cv_env_LIBS_set=
ac_cv_env_LIBS_value=
ac_cv_env_build_alias_set=
ac_cv_env_build_alias_value=
ac_cv_env_host_alias_set=set
ac_cv_env_host_alias_value=/home/le/Tools/android-ndk-r9b/toolchains/arm-linux-androideabi-4.8/prebuilt/linux-x86_64/bin/arm-linux-androideabi-
ac_cv_env_target_alias_set=
ac_cv_env_target_alias_value=
ac_cv_host=
ac_cv_path_install='/usr/bin/install -c'
ac_cv_path_mkdir=/bin/mkdir
ac_cv_prog_AWK=mawk
ac_cv_prog_ac_ct_STRIP=strip
ac_cv_prog_make_make_set=yes
am_cv_make_support_nested_variables=yes

## ----------------- ##
## Output variables. ##
## ----------------- ##

ACLOCAL='${SHELL} /home/le/workspace/libmicrohttpd-0.9.26/missing --run aclocal-1.11'
AMDEPBACKSLASH=''
AMDEP_FALSE=''
AMDEP_TRUE=''
AMTAR='$${TAR-tar}'
AM_BACKSLASH='\'
AM_DEFAULT_V='$(AM_DEFAULT_VERBOSITY)'
AM_DEFAULT_VERBOSITY='1'
AM_V='$(V)'
AR=''
AS=''
AUTOCONF='${SHELL} /home/le/workspace/libmicrohttpd-0.9.26/missing --run autoconf'
AUTOHEADER='${SHELL} /home/le/workspace/libmicrohttpd-0.9.26/missing --run autoheader'
AUTOMAKE='${SHELL} /home/le/workspace/libmicrohttpd-0.9.26/missing --run automake-1.11'
AWK='mawk'
CC=''
CCDEPMODE=''
CFLAGS=''
CPP=''
CPPFLAGS=''
CYGPATH_W='echo'
DEFS=''
DEPDIR=''
DLLTOOL=''
DSYMUTIL=''
DUMPBIN=''
ECHO_C=''
ECHO_N='-n'
ECHO_T=''
EGREP=''
ENABLE_BAUTH_FALSE=''
ENABLE_BAUTH_TRUE=''
ENABLE_DAUTH_FALSE=''
ENABLE_DAUTH_TRUE=''
ENABLE_HTTPS_FALSE=''
ENABLE_HTTPS_TRUE=''
ENABLE_MINITASN1_FALSE=''
ENABLE_MINITASN1_TRUE=''
ENABLE_OPENSSL_FALSE=''
ENABLE_OPENSSL_TRUE=''
EXEEXT=''
EXT_LIBS=''
EXT_LIB_PATH=''
FGREP=''
GREP=''
HAVE_CURL_BINARY=''
HAVE_CURL_BINARY_FALSE=''
HAVE_CURL_BINARY_TRUE=''
HAVE_CURL_FALSE=''
HAVE_CURL_TRUE=''
HAVE_GNUTLS_FALSE=''
HAVE_GNUTLS_TRUE=''
HAVE_GNU_LD_FALSE=''
HAVE_GNU_LD_TRUE=''
HAVE_LD_OUTPUT_DEF_FALSE=''
HAVE_LD_OUTPUT_DEF_TRUE=''
HAVE_LD_VERSION_SCRIPT_FALSE=''
HAVE_LD_VERSION_SCRIPT_TRUE=''
HAVE_POSTPROCESSOR_FALSE=''
HAVE_POSTPROCESSOR_TRUE=''
HAVE_SOCAT=''
HAVE_SOCAT_FALSE=''
HAVE_SOCAT_TRUE=''
HAVE_TSEARCH_FALSE=''
HAVE_TSEARCH_TRUE=''
HAVE_W32_FALSE=''
HAVE_W32_TRUE=''
HAVE_ZZUF=''
HAVE_ZZUF_FALSE=''
HAVE_ZZUF_TRUE=''
INSTALL_DATA='${INSTALL} -m 644'
INSTALL_PROGRAM='${INSTALL}'
INSTALL_SCRIPT='${INSTALL}'
INSTALL_STRIP_PROGRAM='$(install_sh) -c -s'
LD=''
LDFLAGS=''
LIBCURL=''
LIBCURL_CPPFLAGS=''
LIBGCRYPT_CFLAGS=''
LIBGCRYPT_CONFIG=''
LIBGCRYPT_LIBS=''
LIBOBJS=''
LIBS=''
LIBTOOL=''
LIB_VERSION_AGE='16'
LIB_VERSION_CURRENT='26'
LIB_VERSION_REVISION='4'
LIPO=''
LN_S='ln -s'
LTLIBOBJS=''
MAKEINFO='${SHELL} /home/le/workspace/libmicrohttpd-0.9.26/missing --run makeinfo'
MANIFEST_TOOL=''
MHD_LIBDEPS=''
MHD_LIB_LDFLAGS=''
MKDIR_P='/bin/mkdir -p'
NM=''
NMEDIT=''
OBJDUMP=''
OBJEXT=''
OTOOL64=''
OTOOL=''
PACKAGE='libmicrohttpd'
PACKAGE_BUGREPORT='libmicrohttpd@gnu.org'
PACKAGE_NAME='libmicrohttpd'
PACKAGE_STRING='libmicrohttpd 0.9.26'
PACKAGE_TARNAME='libmicrohttpd'
PACKAGE_URL=''
PACKAGE_VERSION='0.9.26'
PATH_SEPARATOR=':'
PLIBC_CPPFLAGS=''
PLIBC_LDFLAGS=''
PLIBC_LIBS=''
PTHREAD_CPPFLAGS=''
PTHREAD_LDFLAGS=''
PTHREAD_LIBS=''
RANLIB=''
SED=''
SET_MAKE=''
SHELL='/bin/bash'
STRIP='strip'
USE_COVERAGE_FALSE=''
USE_COVERAGE_TRUE=''
USE_PRIVATE_PLIBC_H_FALSE=''
USE_PRIVATE_PLIBC_H_TRUE=''
VERSION='0.9.26'
_libcurl_config=''
ac_ct_AR=''
ac_ct_CC=''
ac_ct_DUMPBIN=''
am__EXEEXT_FALSE=''
am__EXEEXT_TRUE=''
am__fastdepCC_FALSE=''
am__fastdepCC_TRUE=''
am__include=''
am__isrc=''
am__leading_dot='.'
am__nodep=''
am__quote=''
am__tar='$${TAR-tar} chof - "$$tardir"'
am__untar='$${TAR-tar} xf -'
bindir='${exec_prefix}/bin'
build='x86_64-unknown-linux-gnu'
build_alias=''
build_cpu='x86_64'
build_os='linux-gnu'
build_vendor='unknown'
datadir='${datarootdir}'
datarootdir='${prefix}/share'
docdir='${datarootdir}/doc/${PACKAGE_TARNAME}'
dvidir='${docdir}'
exec_prefix='NONE'
host='/home/le/Tools/android-ndk-r9b/toolchains/arm-linux-androideabi-4.8/prebuilt/linux-x86_64/bin/arm-linux-androideabi-'
host_alias='/home/le/Tools/android-ndk-r9b/toolchains/arm-linux-androideabi-4.8/prebuilt/linux-x86_64/bin/arm-linux-androideabi-'
host_cpu=''
host_os=''
host_vendor=''
htmldir='${docdir}'
includedir='${prefix}/include'
infodir='${datarootdir}/info'
install_sh='${SHELL} /home/le/workspace/libmicrohttpd-0.9.26/install-sh'
libdir='${exec_prefix}/lib'
libexecdir='${exec_prefix}/libexec'
localedir='${datarootdir}/locale'
localstatedir='${prefix}/var'
mandir='${datarootdir}/man'
mkdir_p='/bin/mkdir -p'
oldincludedir='/usr/include'
pdfdir='${docdir}'
prefix='/home/le/workspace/libmicrohttpd-0.9.26/build/android'
program_transform_name='s,x,x,'
psdir='${docdir}'
sbindir='${exec_prefix}/sbin'
sharedstatedir='${prefix}/com'
sysconfdir='${prefix}/etc'
target_alias=''

## ----------- ##
## confdefs.h. ##
## ----------- ##

/* confdefs.h */
#define PACKAGE_NAME "libmicrohttpd"
#define PACKAGE_TARNAME "libmicrohttpd"
#define PACKAGE_VERSION "0.9.26"
#define PACKAGE_STRING "libmicrohttpd 0.9.26"
#define PACKAGE_BUGREPORT "libmicrohttpd@gnu.org"
#define PACKAGE_URL ""
#define PACKAGE "libmicrohttpd"
#define VERSION "0.9.26"

configure: exit 1
